<?xml version="1.0" encoding="UTF-8" ?>
<testsuite tests="2" failures="1" name="hello.Test1" time="0.016" errors="0" skipped="0">
  <properties>
[...]
</properties>
  <testcase classname="hello.Test1" name="hello.Test1.testApp" time="0.002"/>
  <testcase classname="hello.Test1" name="hello.Test1.testApp1" time="0.014">
    <failure message="expected: &lt;sir&gt; but was: &lt;ris&gt;" type="org.opentest4j.AssertionFailedError">org.opentest4j.AssertionFailedError: expected: &lt;sir&gt; but was: &lt;ris&gt;
	at org.junit.jupiter.api.AssertionUtils.fail(AssertionUtils.java:55)
	at org.junit.jupiter.api.AssertionUtils.failNotEqual(AssertionUtils.java:62)
	at org.junit.jupiter.api.AssertEquals.assertEquals(AssertEquals.java:182)
	at org.junit.jupiter.api.AssertEquals.assertEquals(AssertEquals.java:177)
	at org.junit.jupiter.api.Assertions.assertEquals(Assertions.java:1141)
	at hello.Test1.testApp1(Test1.java:21)
</failure>
  </testcase>
</testsuite>